<?xml version="1.0" encoding="UTF-8"?>
<testng-results ignored="0" total="1" passed="1" failed="0" skipped="0">
  <reporter-output>
  </reporter-output>
  <suite started-at="2022-02-25T19:48:46 GMT-05:00" name="Default suite" finished-at="2022-02-25T19:48:46 GMT-05:00" duration-ms="57">
    <groups>
    </groups>
    <test started-at="2022-02-25T19:48:46 GMT-05:00" name="Default test" finished-at="2022-02-25T19:48:46 GMT-05:00" duration-ms="57">
      <class name="Sample">
        <test-method signature="test()[pri:0, instance:Sample@61d6015a]" started-at="2022-02-25T19:48:46 GMT-05:00" name="test" finished-at="2022-02-25T19:48:46 GMT-05:00" duration-ms="12" status="PASS">
          <reporter-output>
          </reporter-output>
        </test-method> <!-- test -->
      </class> <!-- Sample -->
    </test> <!-- Default test -->
  </suite> <!-- Default suite -->
</testng-results>
