<?xml version="1.0" encoding="UTF-8"?>
<testng-results ignored="0" total="1" passed="1" failed="0" skipped="0">
  <reporter-output>
  </reporter-output>
  <suite started-at="2022-02-28T20:56:28 GMT-05:00" name="Default suite" finished-at="2022-02-28T20:56:40 GMT-05:00" duration-ms="11713">
    <groups>
    </groups>
    <test started-at="2022-02-28T20:56:28 GMT-05:00" name="Default test" finished-at="2022-02-28T20:56:40 GMT-05:00" duration-ms="11713">
      <class name="com.sauce.testcases.AddToCartTest">
        <test-method signature="addTocartTest()[pri:0, instance:com.sauce.testcases.AddToCartTest@194bcebf]" started-at="2022-02-28T20:56:28 GMT-05:00" name="addTocartTest" finished-at="2022-02-28T20:56:40 GMT-05:00" duration-ms="11669" status="PASS">
          <reporter-output>
          </reporter-output>
        </test-method> <!-- addTocartTest -->
      </class> <!-- com.sauce.testcases.AddToCartTest -->
    </test> <!-- Default test -->
  </suite> <!-- Default suite -->
</testng-results>
